C51 COMPILER V9.54   MAIN                                                                  10/09/2022 17:27:24 PAGE 1   


C51 COMPILER V9.54, COMPILATION OF MODULE MAIN
OBJECT MODULE PLACED IN .\Objects\main.obj
COMPILER INVOKED BY: C:\Keil_v5\C51\BIN\C51.EXE main.c OPTIMIZE(8,SPEED) BROWSE DEBUG OBJECTEXTEND PRINT(.\Listings\main
                    -.lst) TABS(2) OBJECT(.\Objects\main.obj)

line level    source

   1          #include <STC89C5xRC.H>
   2          
   3          
   4          void Delay100ms()   //@11.0592MHz
   5          {
   6   1        unsigned char i, j;
   7   1      
   8   1        i = 180;
   9   1        j = 73;
  10   1        do
  11   1        {
  12   2          while (--j);
  13   2        } while (--i);
  14   1      }
  15          
  16          void main()
  17          {  char a;
  18   1         P2=~0x01;
  19   1        while(1)
  20   1        {if(P32==0||P33==0)
  21   2            { Delay100ms();
  22   3              while(P30==0||P31==0);
  23   3              Delay100ms();
  24   3              a++;
  25   3              if(a>=8)
  26   3              {a=0;}
  27   3              P2=~(0x01<<a);
  28   3          }
  29   2          else if(P30==0||P31==0)
  30   2            {   Delay100ms();
  31   3              while(P32==0||P33==0);
  32   3              Delay100ms();
  33   3              a--;
  34   3              if(a<0){a=7;}
  35   3              P2=~(0x01<<a);
  36   3          }
  37   2          
  38   2          
  39   2        
  40   2        
  41   2        
  42   2        }
  43   1      
  44   1      
  45   1      
  46   1      
  47   1      
  48   1      
  49   1      
  50   1      
  51   1      }
  52          
  53          
  54          
C51 COMPILER V9.54   MAIN                                                                  10/09/2022 17:27:24 PAGE 2   



MODULE INFORMATION:   STATIC OVERLAYABLE
   CODE SIZE        =    102    ----
   CONSTANT SIZE    =   ----    ----
   XDATA SIZE       =   ----    ----
   PDATA SIZE       =   ----    ----
   DATA SIZE        =   ----    ----
   IDATA SIZE       =   ----    ----
   BIT SIZE         =   ----    ----
END OF MODULE INFORMATION.


C51 COMPILATION COMPLETE.  0 WARNING(S),  0 ERROR(S)
