C51 COMPILER V9.54   MAIN                                                                  10/13/2022 21:57:14 PAGE 1   


C51 COMPILER V9.54, COMPILATION OF MODULE MAIN
OBJECT MODULE PLACED IN .\Objects\main.obj
COMPILER INVOKED BY: C:\Keil_v5\C51\BIN\C51.EXE main.c OPTIMIZE(8,SPEED) BROWSE DEBUG OBJECTEXTEND PRINT(.\Listings\main
                    -.lst) TABS(2) OBJECT(.\Objects\main.obj)

line level    source

   1          #include <STC89C5xRC.H>
   2          #include "LCD1602.h"
   3          
   4          
   5          
   6          
   7           
   8          void main()
   9          { 
  10   1          LCD_Init();
  11   1          LCD1602_ShowNum(1,1,1);
*** WARNING C206 IN LINE 11 OF main.c: 'LCD1602_ShowNum': missing function-prototype
*** ERROR C267 IN LINE 11 OF main.c: 'LCD1602_ShowNum': requires ANSI-style prototype
  12   1      
  13   1      }

C51 COMPILATION COMPLETE.  1 WARNING(S),  1 ERROR(S)
