C51 COMPILER V9.54   MAIN                                                                  10/13/2022 16:34:07 PAGE 1   


C51 COMPILER V9.54, COMPILATION OF MODULE MAIN
OBJECT MODULE PLACED IN .\Objects\main.obj
COMPILER INVOKED BY: C:\Keil_v5\C51\BIN\C51.EXE main.c OPTIMIZE(8,SPEED) BROWSE DEBUG OBJECTEXTEND PRINT(.\Listings\main
                    -.lst) TABS(2) OBJECT(.\Objects\main.obj)

line level    source

   1          #include <STC89C5xRC.H>
   2          #include <INTRINS.H>
   3          
   4          
   5          unsigned char NixieTable[]={0x3F,0x06,0x5B,0x4F,0x66,0x6D,0x7D,0x07,0x7F,0x6F};
   6          
   7          
   8          void Delay(unsigned int xms)
   9          {
  10   1        unsigned char i, j;
  11   1        while(xms--)
  12   1        {
  13   2          i = 2;
  14   2          j = 239;
  15   2          do
  16   2          {
  17   3            while (--j);
  18   3          } while (--i);
  19   2        }
  20   1      }
  21          
  22          
  23          void Nixie(unsigned char Location,Number)
  24          {
  25   1        switch(Location)    
  26   1        {
  27   2          case 1:P24=1;P23=1;P22=1;break;
  28   2          case 2:P24=1;P23=1;P22=0;break;
  29   2          case 3:P24=1;P23=0;P22=1;break;
  30   2          case 4:P24=1;P23=0;P22=0;break;
  31   2          case 5:P24=0;P23=1;P22=1;break;
  32   2          case 6:P24=0;P23=1;P22=0;break;
  33   2          case 7:P24=0;P23=0;P22=1;break;
  34   2          case 8:P24=0;P23=0;P22=0;break;
  35   2        }
  36   1        P0=NixieTable[Number];  
  37   1      //  Delay(1);       
  38   1      //  P0=0x00;        
  39   1      }
  40          
  41          void main()
  42          { 
  43   1        while(1)
  44   1        {
  45   2          Nixie(1,5);   
  46   2          Delay(5);
  47   2          Nixie(2,2);   
  48   2          Delay(5);
  49   2          Nixie(3,0);   
  50   2          Delay(5);
  51   2        }
  52   1      }


C51 COMPILER V9.54   MAIN                                                                  10/13/2022 16:34:07 PAGE 2   

MODULE INFORMATION:   STATIC OVERLAYABLE
   CODE SIZE        =    153    ----
   CONSTANT SIZE    =   ----    ----
   XDATA SIZE       =   ----    ----
   PDATA SIZE       =   ----    ----
   DATA SIZE        =     10    ----
   IDATA SIZE       =   ----    ----
   BIT SIZE         =   ----    ----
END OF MODULE INFORMATION.


C51 COMPILATION COMPLETE.  0 WARNING(S),  0 ERROR(S)
