C51 COMPILER V9.54   MAIN                                                                  10/12/2022 23:25:58 PAGE 1   


C51 COMPILER V9.54, COMPILATION OF MODULE MAIN
OBJECT MODULE PLACED IN .\Objects\main.obj
COMPILER INVOKED BY: C:\Keil_v5\C51\BIN\C51.EXE main.c OPTIMIZE(8,SPEED) BROWSE DEBUG OBJECTEXTEND PRINT(.\Listings\main
                    -.lst) TABS(2) OBJECT(.\Objects\main.obj)

line level    source

   1          #include <STC89C5xRC.H>
   2          #include "Delay.h"
   3          #include "nixie.h"
   4          
   5          
   6          void main()
   7          {
   8   1        while(1)
   9   1        {   nixie(1,1);
  10   2            delay(5);
  11   2            nixie(2,2);
  12   2            delay(5);
  13   2            nixie(3,3);
  14   2            delay(5);
  15   2            nixie(4,4);
  16   2            delay(5);
  17   2        
  18   2        }
  19   1        
  20   1      }


MODULE INFORMATION:   STATIC OVERLAYABLE
   CODE SIZE        =     74    ----
   CONSTANT SIZE    =   ----    ----
   XDATA SIZE       =   ----    ----
   PDATA SIZE       =   ----    ----
   DATA SIZE        =   ----    ----
   IDATA SIZE       =   ----    ----
   BIT SIZE         =   ----    ----
END OF MODULE INFORMATION.


C51 COMPILATION COMPLETE.  0 WARNING(S),  0 ERROR(S)
