C51 COMPILER V9.54   NIXIE                                                                 10/12/2022 23:26:00 PAGE 1   


C51 COMPILER V9.54, COMPILATION OF MODULE NIXIE
OBJECT MODULE PLACED IN .\Objects\nixie.obj
COMPILER INVOKED BY: C:\Keil_v5\C51\BIN\C51.EXE nixie.c OPTIMIZE(8,SPEED) BROWSE DEBUG OBJECTEXTEND PRINT(.\Listings\nix
                    -ie.lst) TABS(2) OBJECT(.\Objects\nixie.obj)

line level    source

   1          #include <STC89C5xRC.H>
   2          #include "Delay.h"
   3          
   4          
   5          unsigned char nixietable[]={0x3F,0x06,0x5B,0x4F,0x66,0x6D,0x7D,0x07,0x7F,0x6F};
   6          
   7          void nixie(unsigned int location,number)
   8          {
   9   1        switch(location)
  10   1        {
  11   2          case 1:P24=1;P23=1;P22=1;break;
  12   2          case 2:P24=1;P23=1;P22=0;break;
  13   2          case 3:P24=1;P23=0;P22=1;break;
  14   2          case 4:P24=1;P23=0;P22=0;break;
  15   2          case 5:P24=0;P23=1;P22=1;break;
  16   2          case 6:P24=0;P23=1;P22=0;break;
  17   2          case 7:P24=0;P23=0;P22=1;break;
  18   2          case 8:P24=0;P23=0;P22=0;break;
  19   2          
  20   2        }
  21   1        P0=nixietable[number];
  22   1      //  delay(1);
  23   1      //  P0=0x00;
  24   1      }


MODULE INFORMATION:   STATIC OVERLAYABLE
   CODE SIZE        =    102    ----
   CONSTANT SIZE    =   ----    ----
   XDATA SIZE       =   ----    ----
   PDATA SIZE       =   ----    ----
   DATA SIZE        =     10    ----
   IDATA SIZE       =   ----    ----
   BIT SIZE         =   ----    ----
END OF MODULE INFORMATION.


C51 COMPILATION COMPLETE.  0 WARNING(S),  0 ERROR(S)
